This is pdfTeX, Version 3.141592653-2.6-1.40.27 (MiKTeX 25.4) (preloaded format=pdflatex 2025.10.3)  11 DEC 2025 18:31
entering extended mode
 restricted \write18 enabled.
 file:line:error style messages enabled.
 %&-line parsing enabled.
**c:/Users/manegar/Desktop/Practica4_SGE_Manuel/Documentacion/index.tex
(c:/Users/manegar/Desktop/Practica4_SGE_Manuel/Documentacion/index.tex
LaTeX2e <2025-06-01> patch level 1
L3 programming layer <2025-09-02>
(C:\Users\manegar\AppData\Local\Programs\MiKTeX\tex/latex/base\article.cls
Document Class: article 2025/01/22 v1.4n Standard LaTeX document class
(C:\Users\manegar\AppData\Local\Programs\MiKTeX\tex/latex/base\size10.clo
File: size10.clo 2025/01/22 v1.4n Standard LaTeX file (size option)
)
\c@part=\count275
\c@section=\count276
\c@subsection=\count277
\c@subsubsection=\count278
\c@paragraph=\count279
\c@subparagraph=\count280
\c@figure=\count281
\c@table=\count282
\abovecaptionskip=\skip49
\belowcaptionskip=\skip50
\bibindent=\dimen148
) (C:\Users\manegar\AppData\Local\Programs\MiKTeX\tex/generic/babel\babel.sty
Package: babel 2025/08/03 v25.12 The multilingual framework for LuaLaTeX, pdfLaTeX and XeLaTeX
\babel@savecnt=\count283
LaTeX Encoding Info:    Redeclaring text command \ij (encoding OT1) on input line 2045.
LaTeX Encoding Info:    Redeclaring text command \IJ (encoding OT1) on input line 2047.
LaTeX Encoding Info:    Redeclaring text command \ij (encoding T1) on input line 2049.
LaTeX Encoding Info:    Redeclaring text command \IJ (encoding T1) on input line 2050.
LaTeX Encoding Info:    Ignoring declaration for text command \ij (encoding ?) on input line 2051.
LaTeX Encoding Info:    Ignoring declaration for text command \IJ (encoding ?) on input line 2053.
LaTeX Encoding Info:    Ignoring declaration for text command \SS (encoding ?) on input line 2078.
\U@D=\dimen149
\l@unhyphenated=\language79
 (C:\Users\manegar\AppData\Local\Programs\MiKTeX\tex/generic/babel\txtbabel.def)
\bbl@readstream=\read2
\bbl@dirlevel=\count284

*************************************
* Local config file bblopts.cfg used
*
(C:\Users\manegar\AppData\Local\Programs\MiKTeX\tex/latex/arabi\bblopts.cfg
File: bblopts.cfg 2005/09/08 v0.1 add Arabic and Farsi to "declared" options of babel
) (C:\Users\manegar\AppData\Local\Programs\MiKTeX\tex/latex/babel-spanish\spanish.ldf
Language: spanish.ldf 2021/05/27 v5.0q Spanish support from the babel system
 (C:\Users\manegar\AppData\Local\Programs\MiKTeX\tex/generic/babel/locale/es\babel-spanish.tex
Package babel Info: Importing font and identification data for spanish
(babel)             from babel-es.ini. Reported on input line 12.
)
\es@quottoks=\toks17
\es@quotdepth=\count285
Package babel Info: Making " an active character on input line 570.
Package babel Info: Making . an active character on input line 675.
Package babel Info: Making < an active character on input line 722.
Package babel Info: Making > an active character on input line 722.
))
LaTeX Encoding Info:    Redeclaring text command \guillemotleft (encoding OT1) on input line 4.
LaTeX Encoding Info:    Redeclaring text command \guillemotright (encoding OT1) on input line 4.
 (C:\Users\manegar\AppData\Local\Programs\MiKTeX\tex/latex/geometry\geometry.sty
Package: geometry 2020/01/02 v5.9 Page Geometry
 (C:\Users\manegar\AppData\Local\Programs\MiKTeX\tex/latex/graphics\keyval.sty
Package: keyval 2022/05/29 v1.15 key=value parser (DPC)
\KV@toks@=\toks18
) (C:\Users\manegar\AppData\Local\Programs\MiKTeX\tex/generic/iftex\ifvtex.sty
Package: ifvtex 2019/10/25 v1.7 ifvtex legacy package. Use iftex instead.
 (C:\Users\manegar\AppData\Local\Programs\MiKTeX\tex/generic/iftex\iftex.sty
Package: iftex 2024/12/12 v1.0g TeX engine tests
))
\Gm@cnth=\count286
\Gm@cntv=\count287
\c@Gm@tempcnt=\count288
\Gm@bindingoffset=\dimen150
\Gm@wd@mp=\dimen151
\Gm@odd@mp=\dimen152
\Gm@even@mp=\dimen153
\Gm@layoutwidth=\dimen154
\Gm@layoutheight=\dimen155
\Gm@layouthoffset=\dimen156
\Gm@layoutvoffset=\dimen157
\Gm@dimlist=\toks19
 (C:\Users\manegar\AppData\Local\Programs\MiKTeX\tex/latex/geometry\geometry.cfg)) (C:\Users\manegar\AppData\Local\Programs\MiKTeX\tex/latex/graphics\graphicx.sty
Package: graphicx 2024/12/31 v1.2e Enhanced LaTeX Graphics (DPC,SPQR)
 (C:\Users\manegar\AppData\Local\Programs\MiKTeX\tex/latex/graphics\graphics.sty
Package: graphics 2024/08/06 v1.4g Standard LaTeX Graphics (DPC,SPQR)
 (C:\Users\manegar\AppData\Local\Programs\MiKTeX\tex/latex/graphics\trig.sty
Package: trig 2023/12/02 v1.11 sin cos tan (DPC)
) (C:\Users\manegar\AppData\Local\Programs\MiKTeX\tex/latex/graphics-cfg\graphics.cfg
File: graphics.cfg 2016/06/04 v1.11 sample graphics configuration
)
Package graphics Info: Driver file: pdftex.def on input line 106.
 (C:\Users\manegar\AppData\Local\Programs\MiKTeX\tex/latex/graphics-def\pdftex.def
File: pdftex.def 2024/04/13 v1.2c Graphics/color driver for pdftex
))
\Gin@req@height=\dimen158
\Gin@req@width=\dimen159
) (C:\Users\manegar\AppData\Local\Programs\MiKTeX\tex/latex/hyperref\hyperref.sty
Package: hyperref 2025-07-12 v7.01o Hypertext links for LaTeX
 (C:\Users\manegar\AppData\Local\Programs\MiKTeX\tex/latex/kvsetkeys\kvsetkeys.sty
Package: kvsetkeys 2022-10-05 v1.19 Key value parser (HO)
) (C:\Users\manegar\AppData\Local\Programs\MiKTeX\tex/generic/kvdefinekeys\kvdefinekeys.sty
Package: kvdefinekeys 2019-12-19 v1.6 Define keys (HO)
) (C:\Users\manegar\AppData\Local\Programs\MiKTeX\tex/generic/pdfescape\pdfescape.sty
Package: pdfescape 2019/12/09 v1.15 Implements pdfTeX's escape features (HO)
 (C:\Users\manegar\AppData\Local\Programs\MiKTeX\tex/generic/ltxcmds\ltxcmds.sty
Package: ltxcmds 2023-12-04 v1.26 LaTeX kernel commands for general use (HO)
) (C:\Users\manegar\AppData\Local\Programs\MiKTeX\tex/generic/pdftexcmds\pdftexcmds.sty
Package: pdftexcmds 2020-06-27 v0.33 Utility functions of pdfTeX for LuaTeX (HO)
 (C:\Users\manegar\AppData\Local\Programs\MiKTeX\tex/generic/infwarerr\infwarerr.sty
Package: infwarerr 2019/12/03 v1.5 Providing info/warning/error messages (HO)
)
Package pdftexcmds Info: \pdf@primitive is available.
Package pdftexcmds Info: \pdf@ifprimitive is available.
Package pdftexcmds Info: \pdfdraftmode found.
)) (C:\Users\manegar\AppData\Local\Programs\MiKTeX\tex/latex/hycolor\hycolor.sty
Package: hycolor 2020-01-27 v1.10 Color options for hyperref/bookmark (HO)
) (C:\Users\manegar\AppData\Local\Programs\MiKTeX\tex/latex/hyperref\nameref.sty
Package: nameref 2025-06-21 v2.57 Cross-referencing by name of section
 (C:\Users\manegar\AppData\Local\Programs\MiKTeX\tex/latex/refcount\refcount.sty
Package: refcount 2019/12/15 v3.6 Data extraction from label references (HO)
) (C:\Users\manegar\AppData\Local\Programs\MiKTeX\tex/generic/gettitlestring\gettitlestring.sty
Package: gettitlestring 2019/12/15 v1.6 Cleanup title references (HO)
 (C:\Users\manegar\AppData\Local\Programs\MiKTeX\tex/latex/kvoptions\kvoptions.sty
Package: kvoptions 2022-06-15 v3.15 Key value format for package options (HO)
))
\c@section@level=\count289
) (C:\Users\manegar\AppData\Local\Programs\MiKTeX\tex/latex/etoolbox\etoolbox.sty
Package: etoolbox 2025/02/11 v2.5l e-TeX tools for LaTeX (JAW)
\etb@tempcnta=\count290
) (C:\Users\manegar\AppData\Local\Programs\MiKTeX\tex/generic/stringenc\stringenc.sty
Package: stringenc 2019/11/29 v1.12 Convert strings between diff. encodings (HO)
)
\@linkdim=\dimen160
\Hy@linkcounter=\count291
\Hy@pagecounter=\count292
 (C:\Users\manegar\AppData\Local\Programs\MiKTeX\tex/latex/hyperref\pd1enc.def
File: pd1enc.def 2025-07-12 v7.01o Hyperref: PDFDocEncoding definition (HO)
Now handling font encoding PD1 ...
... no UTF-8 mapping file for font encoding PD1
) (C:\Users\manegar\AppData\Local\Programs\MiKTeX\tex/generic/intcalc\intcalc.sty
Package: intcalc 2019/12/15 v1.3 Expandable calculations with integers (HO)
)
\Hy@SavedSpaceFactor=\count293
 (C:\Users\manegar\AppData\Local\Programs\MiKTeX\tex/latex/hyperref\puenc.def
File: puenc.def 2025-07-12 v7.01o Hyperref: PDF Unicode definition (HO)
Now handling font encoding PU ...
... no UTF-8 mapping file for font encoding PU
)
Package hyperref Info: Option `colorlinks' set `true' on input line 4066.
Package hyperref Info: Hyper figures OFF on input line 4195.
Package hyperref Info: Link nesting OFF on input line 4200.
Package hyperref Info: Hyper index ON on input line 4203.
Package hyperref Info: Plain pages OFF on input line 4210.
Package hyperref Info: Backreferencing OFF on input line 4215.
Package hyperref Info: Implicit mode ON; LaTeX internals redefined.
Package hyperref Info: Bookmarks ON on input line 4462.
\c@Hy@tempcnt=\count294
 (C:\Users\manegar\AppData\Local\Programs\MiKTeX\tex/latex/url\url.sty
\Urlmuskip=\muskip17
Package: url 2013/09/16  ver 3.4  Verb mode for urls, etc.
)
LaTeX Info: Redefining \url on input line 4801.
\XeTeXLinkMargin=\dimen161
 (C:\Users\manegar\AppData\Local\Programs\MiKTeX\tex/generic/bitset\bitset.sty
Package: bitset 2019/12/09 v1.3 Handle bit-vector datatype (HO)
 (C:\Users\manegar\AppData\Local\Programs\MiKTeX\tex/generic/bigintcalc\bigintcalc.sty
Package: bigintcalc 2019/12/15 v1.5 Expandable calculations on big integers (HO)
))
\Fld@menulength=\count295
\Field@Width=\dimen162
\Fld@charsize=\dimen163
Package hyperref Info: Hyper figures OFF on input line 6078.
Package hyperref Info: Link nesting OFF on input line 6083.
Package hyperref Info: Hyper index ON on input line 6086.
Package hyperref Info: backreferencing OFF on input line 6093.
Package hyperref Info: Link coloring ON on input line 6096.
Package hyperref Info: Link coloring with OCG OFF on input line 6103.
Package hyperref Info: PDF/A mode OFF on input line 6108.
\Hy@abspage=\count296
\c@Item=\count297
\c@Hfootnote=\count298
)
Package hyperref Info: Driver (autodetected): hpdftex.
 (C:\Users\manegar\AppData\Local\Programs\MiKTeX\tex/latex/hyperref\hpdftex.def
File: hpdftex.def 2025-07-12 v7.01o Hyperref driver for pdfTeX
\Fld@listcount=\count299
\c@bookmark@seq@number=\count300
 (C:\Users\manegar\AppData\Local\Programs\MiKTeX\tex/latex/rerunfilecheck\rerunfilecheck.sty
Package: rerunfilecheck 2025-06-21 v1.11 Rerun checks for auxiliary files (HO)
 (C:\Users\manegar\AppData\Local\Programs\MiKTeX\tex/generic/uniquecounter\uniquecounter.sty
Package: uniquecounter 2019/12/15 v1.4 Provide unlimited unique counter (HO)
)
Package uniquecounter Info: New unique counter `rerunfilecheck' on input line 284.
)
\Hy@SectionHShift=\skip51
) (C:\Users\manegar\AppData\Local\Programs\MiKTeX\tex/latex/listings\listings.sty
\lst@mode=\count301
\lst@gtempboxa=\box53
\lst@token=\toks20
\lst@length=\count302
\lst@currlwidth=\dimen164
\lst@column=\count303
\lst@pos=\count304
\lst@lostspace=\dimen165
\lst@width=\dimen166
\lst@newlines=\count305
\lst@lineno=\count306
\lst@maxwidth=\dimen167
 (C:\Users\manegar\AppData\Local\Programs\MiKTeX\tex/latex/listings\lstpatch.sty
File: lstpatch.sty 2024/09/23 1.10c (Carsten Heinz)
) (C:\Users\manegar\AppData\Local\Programs\MiKTeX\tex/latex/listings\lstmisc.sty
File: lstmisc.sty 2024/09/23 1.10c (Carsten Heinz)
\c@lstnumber=\count307
\lst@skipnumbers=\count308
\lst@framebox=\box54
) (C:\Users\manegar\AppData\Local\Programs\MiKTeX\tex/latex/listings\listings.cfg
File: listings.cfg 2024/09/23 1.10c listings configuration
))
Package: listings 2024/09/23 1.10c (Carsten Heinz)
 (C:\Users\manegar\AppData\Local\Programs\MiKTeX\tex/latex/xcolor\xcolor.sty
Package: xcolor 2024/09/29 v3.02 LaTeX color extensions (UK)
 (C:\Users\manegar\AppData\Local\Programs\MiKTeX\tex/latex/graphics-cfg\color.cfg
File: color.cfg 2016/01/02 v1.6 sample color configuration
)
Package xcolor Info: Driver file: pdftex.def on input line 274.
 (C:\Users\manegar\AppData\Local\Programs\MiKTeX\tex/latex/graphics\mathcolor.ltx)
Package xcolor Info: Model `cmy' substituted by `cmy0' on input line 1349.
Package xcolor Info: Model `hsb' substituted by `rgb' on input line 1353.
Package xcolor Info: Model `RGB' extended on input line 1365.
Package xcolor Info: Model `HTML' substituted by `rgb' on input line 1367.
Package xcolor Info: Model `Hsb' substituted by `hsb' on input line 1368.
Package xcolor Info: Model `tHsb' substituted by `hsb' on input line 1369.
Package xcolor Info: Model `HSB' substituted by `hsb' on input line 1370.
Package xcolor Info: Model `Gray' substituted by `gray' on input line 1371.
Package xcolor Info: Model `wave' substituted by `hsb' on input line 1372.
) (C:\Users\manegar\AppData\Local\Programs\MiKTeX\tex/latex/float\float.sty
Package: float 2001/11/08 v1.3d Float enhancements (AL)
\c@float@type=\count309
\float@exts=\toks21
\float@box=\box55
\@float@everytoks=\toks22
\@floatcapt=\box56
) (C:\Users\manegar\AppData\Local\Programs\MiKTeX\tex/latex/listings\lstlang1.sty
File: lstlang1.sty 2024/09/23 1.10c listings language file
) (C:\Users\manegar\AppData\Local\Programs\MiKTeX\tex/latex/l3backend\l3backend-pdftex.def
File: l3backend-pdftex.def 2025-06-09 L3 backend support: PDF output (pdfTeX)
\l__color_backend_stack_int=\count310
) (index.aux
LaTeX Info: Redefining \. on input line 11.
LaTeX Info: Redefining \% on input line 11.
Package babel Info: 'spanish' activates 'spanish' shorthands.
(babel)             Reported on input line 11.
)
\openout1 = `index.aux'.

LaTeX Font Info:    Checking defaults for OML/cmm/m/it on input line 34.
LaTeX Font Info:    ... okay on input line 34.
LaTeX Font Info:    Checking defaults for OMS/cmsy/m/n on input line 34.
LaTeX Font Info:    ... okay on input line 34.
LaTeX Font Info:    Checking defaults for OT1/cmr/m/n on input line 34.
LaTeX Font Info:    ... okay on input line 34.
LaTeX Font Info:    Checking defaults for T1/cmr/m/n on input line 34.
LaTeX Font Info:    ... okay on input line 34.
LaTeX Font Info:    Checking defaults for TS1/cmr/m/n on input line 34.
LaTeX Font Info:    ... okay on input line 34.
LaTeX Font Info:    Checking defaults for OMX/cmex/m/n on input line 34.
LaTeX Font Info:    ... okay on input line 34.
LaTeX Font Info:    Checking defaults for U/cmr/m/n on input line 34.
LaTeX Font Info:    ... okay on input line 34.
LaTeX Font Info:    Checking defaults for PD1/pdf/m/n on input line 34.
LaTeX Font Info:    ... okay on input line 34.
LaTeX Font Info:    Checking defaults for PU/pdf/m/n on input line 34.
LaTeX Font Info:    ... okay on input line 34.
LaTeX Info: Redefining \. on input line 34.
LaTeX Info: Redefining \% on input line 34.

*geometry* driver: auto-detecting
*geometry* detected driver: pdftex
*geometry* verbose mode - [ preamble ] result:
* driver: pdftex
* paper: letterpaper
* layout: <same size as paper>
* layoutoffset:(h,v)=(0.0pt,0.0pt)
* modes: 
* h-part:(L,W,R)=(85.35826pt, 443.57848pt, 85.35826pt)
* v-part:(T,H,B)=(56.9055pt, 681.15898pt, 56.9055pt)
* \paperwidth=614.295pt
* \paperheight=794.96999pt
* \textwidth=443.57848pt
* \textheight=681.15898pt
* \oddsidemargin=13.08827pt
* \evensidemargin=13.08827pt
* \topmargin=-52.36449pt
* \headheight=12.0pt
* \headsep=25.0pt
* \topskip=10.0pt
* \footskip=30.0pt
* \marginparwidth=49.79231pt
* \marginparsep=11.0pt
* \columnsep=10.0pt
* \skip\footins=9.0pt plus 4.0pt minus 2.0pt
* \hoffset=0.0pt
* \voffset=0.0pt
* \mag=1000
* \@twocolumnfalse
* \@twosidefalse
* \@mparswitchfalse
* \@reversemarginfalse
* (1in=72.27pt=25.4mm, 1cm=28.453pt)

(C:\Users\manegar\AppData\Local\Programs\MiKTeX\tex/context/base/mkii\supp-pdf.mkii
[Loading MPS to PDF converter (version 2006.09.02).]
\scratchcounter=\count311
\scratchdimen=\dimen168
\scratchbox=\box57
\nofMPsegments=\count312
\nofMParguments=\count313
\everyMPshowfont=\toks23
\MPscratchCnt=\count314
\MPscratchDim=\dimen169
\MPnumerator=\count315
\makeMPintoPDFobject=\count316
\everyMPtoPDFconversion=\toks24
) (C:\Users\manegar\AppData\Local\Programs\MiKTeX\tex/latex/epstopdf-pkg\epstopdf-base.sty
Package: epstopdf-base 2020-01-24 v2.11 Base part for package epstopdf
Package epstopdf-base Info: Redefining graphics rule for `.eps' on input line 485.
 (C:\Users\manegar\AppData\Local\Programs\MiKTeX\tex/latex/00miktex\epstopdf-sys.cfg
File: epstopdf-sys.cfg 2021/03/18 v2.0 Configuration of epstopdf for MiKTeX
))
Package hyperref Info: Link coloring ON on input line 34.
 (index.out) (index.out)
\@outlinefile=\write3
\openout3 = `index.out'.

\c@lstlisting=\count317
LaTeX Font Info:    External font `cmex10' loaded for size
(Font)              <12> on input line 36.
LaTeX Font Info:    External font `cmex10' loaded for size
(Font)              <8> on input line 36.
LaTeX Font Info:    External font `cmex10' loaded for size
(Font)              <6> on input line 36.
<images/modulo-lista-tareas.png, id=23, 253.69781pt x 97.86563pt>
File: images/modulo-lista-tareas.png Graphic file (type png)
<use images/modulo-lista-tareas.png>
Package pdftex.def Info: images/modulo-lista-tareas.png  used on input line 46.
(pdftex.def)             Requested size: 221.78923pt x 85.55902pt.
LaTeX Font Info:    Font shape `OT1/cmtt/bx/n' in size <8> not available
(Font)              Font shape `OT1/cmtt/m/n' tried instead on input line 53.


[1

{C:/Users/manegar/AppData/Local/MiKTeX/fonts/map/pdftex/pdftex.map} <./images/modulo-lista-tareas.png>]
<images/lista-tareas-kanban.png, id=39, 1440.13031pt x 180.675pt>
File: images/lista-tareas-kanban.png Graphic file (type png)
<use images/lista-tareas-kanban.png>
Package pdftex.def Info: images/lista-tareas-kanban.png  used on input line 110.
(pdftex.def)             Requested size: 443.57848pt x 55.6475pt.


[2 <./images/lista-tareas-kanban.png>]
<images/lista-tareas-calendario.png, id=93, 1442.38875pt x 296.60812pt>
File: images/lista-tareas-calendario.png Graphic file (type png)
<use images/lista-tareas-calendario.png>
Package pdftex.def Info: images/lista-tareas-calendario.png  used on input line 151.
(pdftex.def)             Requested size: 443.57848pt x 91.21437pt.
<images/modulo-biblioteca.png, id=94, 253.69781pt x 97.86563pt>
File: images/modulo-biblioteca.png Graphic file (type png)
<use images/modulo-biblioteca.png>
Package pdftex.def Info: images/modulo-biblioteca.png  used on input line 158.
(pdftex.def)             Requested size: 221.78923pt x 85.55902pt.


[3 <./images/lista-tareas-calendario.png> <./images/modulo-biblioteca.png>]

[4]
<images/creacion-socios.png, id=150, 1444.64719pt x 316.18124pt>
File: images/creacion-socios.png Graphic file (type png)
<use images/creacion-socios.png>
Package pdftex.def Info: images/creacion-socios.png  used on input line 246.
(pdftex.def)             Requested size: 443.57848pt x 97.08403pt.
<images/ver-socios.png, id=151, 1444.64719pt x 353.06906pt>
File: images/ver-socios.png Graphic file (type png)
<use images/ver-socios.png>
Package pdftex.def Info: images/ver-socios.png  used on input line 251.
(pdftex.def)             Requested size: 443.57848pt x 108.4105pt.


[5 <./images/creacion-socios.png>]

[6 <./images/ver-socios.png>]

[7]
<images/biblioteca-fallo-init.png, id=275, 286.82156pt x 65.49469pt>
File: images/biblioteca-fallo-init.png Graphic file (type png)
<use images/biblioteca-fallo-init.png>
Package pdftex.def Info: images/biblioteca-fallo-init.png  used on input line 373.
(pdftex.def)             Requested size: 221.78923pt x 50.6459pt.
<images/biblioteca-fallo-manifest.png, id=276, 241.65282pt x 101.62968pt>
File: images/biblioteca-fallo-manifest.png Graphic file (type png)
<use images/biblioteca-fallo-manifest.png>
Package pdftex.def Info: images/biblioteca-fallo-manifest.png  used on input line 378.
(pdftex.def)             Requested size: 221.78923pt x 93.28023pt.


[8 <./images/biblioteca-fallo-init.png>]
<images/estructura-carpetas-hospital.png, id=331, 210.03468pt x 232.61906pt>
File: images/estructura-carpetas-hospital.png Graphic file (type png)
<use images/estructura-carpetas-hospital.png>
Package pdftex.def Info: images/estructura-carpetas-hospital.png  used on input line 385.
(pdftex.def)             Requested size: 133.07489pt x 147.3849pt.
<images/manifest-hospital.png, id=332, 301.8778pt x 246.9225pt>
File: images/manifest-hospital.png Graphic file (type png)
<use images/manifest-hospital.png>
Package pdftex.def Info: images/manifest-hospital.png  used on input line 392.
(pdftex.def)             Requested size: 177.42868pt x 145.12914pt.
<images/init-hospital.png, id=333, 204.01219pt x 34.62938pt>
File: images/init-hospital.png Graphic file (type png)
<use images/init-hospital.png>
Package pdftex.def Info: images/init-hospital.png  used on input line 397.
(pdftex.def)             Requested size: 133.07489pt x 22.58913pt.
<images/init-models-hospital.png, id=334, 276.28218pt x 65.49469pt>
File: images/init-models-hospital.png Graphic file (type png)
<use images/init-models-hospital.png>
Package pdftex.def Info: images/init-models-hospital.png  used on input line 402.
(pdftex.def)             Requested size: 133.07489pt x 31.546pt.
<images/security-hospital.png, id=335, 504.38437pt x 82.05656pt>
File: images/security-hospital.png Graphic file (type png)
<use images/security-hospital.png>
Package pdftex.def Info: images/security-hospital.png  used on input line 409.
(pdftex.def)             Requested size: 354.86412pt x 57.73218pt.


[9 <./images/biblioteca-fallo-manifest.png> <./images/estructura-carpetas-hospital.png> <./images/manifest-hospital.png> <./images/init-hospital.png> <./images/init-models-hospital.png>]

[10 <./images/security-hospital.png>]

[11]

[12]

[13]
<images/crear-paciente-hospital.png, id=484, 1180.41pt x 341.77687pt>
File: images/crear-paciente-hospital.png Graphic file (type png)
<use images/crear-paciente-hospital.png>
Package pdftex.def Info: images/crear-paciente-hospital.png  used on input line 601.
(pdftex.def)             Requested size: 443.57848pt x 128.43198pt.
<images/crear-medico_hospital.png, id=485, 1067.48813pt x 343.2825pt>
File: images/crear-medico_hospital.png Graphic file (type png)
<use images/crear-medico_hospital.png>
Package pdftex.def Info: images/crear-medico_hospital.png  used on input line 606.
(pdftex.def)             Requested size: 443.57848pt x 142.6429pt.


[14 <./images/crear-paciente-hospital.png>]
<images/crear-consulta-hospital.png, id=531, 1060.71281pt x 269.50688pt>
File: images/crear-consulta-hospital.png Graphic file (type png)
<use images/crear-consulta-hospital.png>
Package pdftex.def Info: images/crear-consulta-hospital.png  used on input line 611.
(pdftex.def)             Requested size: 443.57848pt x 112.70685pt.
<images/ver-pacientes-hospital.png, id=532, 1444.64719pt x 150.5625pt>
File: images/ver-pacientes-hospital.png Graphic file (type png)
<use images/ver-pacientes-hospital.png>
Package pdftex.def Info: images/ver-pacientes-hospital.png  used on input line 616.
(pdftex.def)             Requested size: 443.57848pt x 46.23048pt.
<images/ver-pacientes-dentro-hospital.png, id=533, 1043.39813pt x 333.49594pt>
File: images/ver-pacientes-dentro-hospital.png Graphic file (type png)
<use images/ver-pacientes-dentro-hospital.png>
Package pdftex.def Info: images/ver-pacientes-dentro-hospital.png  used on input line 621.
(pdftex.def)             Requested size: 443.57848pt x 141.77715pt.
<images/ver-medicos-hospital.png, id=534, 1444.64719pt x 170.13562pt>
File: images/ver-medicos-hospital.png Graphic file (type png)
<use images/ver-medicos-hospital.png>
Package pdftex.def Info: images/ver-medicos-hospital.png  used on input line 626.
(pdftex.def)             Requested size: 443.57848pt x 52.24045pt.
<images/ver-medicos-dentro-hospital.png, id=535, 1080.28593pt x 319.94531pt>
File: images/ver-medicos-dentro-hospital.png Graphic file (type png)
<use images/ver-medicos-dentro-hospital.png>
Package pdftex.def Info: images/ver-medicos-dentro-hospital.png  used on input line 631.
(pdftex.def)             Requested size: 443.57848pt x 131.36882pt.


[15 <./images/crear-medico_hospital.png> <./images/crear-consulta-hospital.png> <./images/ver-pacientes-hospital.png> <./images/ver-pacientes-dentro-hospital.png> <./images/ver-medicos-hospital.png>]
<images/ver-consultas-hospital.png, id=545, 1444.64719pt x 156.585pt>
File: images/ver-consultas-hospital.png Graphic file (type png)
<use images/ver-consultas-hospital.png>
Package pdftex.def Info: images/ver-consultas-hospital.png  used on input line 636.
(pdftex.def)             Requested size: 443.57848pt x 48.07971pt.


[16 <./images/ver-medicos-dentro-hospital.png> <./images/ver-consultas-hospital.png>] (index.aux
LaTeX Info: Redefining \. on input line 11.
LaTeX Info: Redefining \% on input line 11.
)
 ***********
LaTeX2e <2025-06-01> patch level 1
L3 programming layer <2025-09-02>
 ***********
Package rerunfilecheck Info: File `index.out' has not changed.
(rerunfilecheck)             Checksum: D9A1E1F0E761908447BF42CC43ACE3CC;527.
 ) 
Here is how much of TeX's memory you used:
 13360 strings out of 468130
 209465 string characters out of 5429665
 1548796 words of memory out of 5000000
 41426 multiletter control sequences out of 15000+600000
 630969 words of font info for 55 fonts, out of 8000000 for 9000
 1141 hyphenation exceptions out of 8191
 75i,7n,79p,408b,1369s stack positions out of 10000i,1000n,20000p,200000b,200000s
<C:/Users/manegar/AppData/Local/Programs/MiKTeX/fonts/type1/public/amsfonts/cm/cmbx12.pfb><C:/Users/manegar/AppData/Local/Programs/MiKTeX/fonts/type1/public/amsfonts/cm/cmitt10.pfb><C:/Users/manegar/AppData/Local/Programs/MiKTeX/fonts/type1/public/amsfonts/cm/cmr10.pfb><C:/Users/manegar/AppData/Local/Programs/MiKTeX/fonts/type1/public/amsfonts/cm/cmr12.pfb><C:/Users/manegar/AppData/Local/Programs/MiKTeX/fonts/type1/public/amsfonts/cm/cmr17.pfb><C:/Users/manegar/AppData/Local/Programs/MiKTeX/fonts/type1/public/amsfonts/cm/cmr8.pfb><C:/Users/manegar/AppData/Local/Programs/MiKTeX/fonts/type1/public/amsfonts/cm/cmtt8.pfb>
Output written on index.pdf (16 pages, 437415 bytes).
PDF statistics:
 674 PDF objects out of 1000 (max. 8388607)
 434 named destinations out of 1000 (max. 500000)
 146 words of extra memory for PDF output out of 10000 (max. 10000000)

